2020-12-17 11:25:27,010 - readini.py:[20] - INFO -27- 从配置文件D:\webapp\webUI\config\config.ini中读取数据成功
2020-12-17 11:25:27,010 - readini.py:[20] - INFO -27- 从配置文件D:\webapp\webUI\config\config.ini中读取数据成功
2020-12-17 11:26:25,805 - readini.py:[20] - INFO -27- 从配置文件D:\webapp\webUI\config\config.ini中读取数据成功
2020-12-17 11:26:25,805 - readini.py:[20] - INFO -27- 从配置文件D:\webapp\webUI\config\config.ini中读取数据成功
2020-12-17 11:27:04,082 - readini.py:[20] - INFO -27- 从配置文件D:\webapp\webUI\config\config.ini中读取数据成功
2020-12-17 11:27:04,088 - readini.py:[20] - INFO -27- 从配置文件D:\webapp\webUI\config\config.ini中读取数据成功
2020-12-17 11:27:41,410 - readini.py:[20] - INFO -27- 从配置文件D:\webapp\webUI\config\config.ini中读取数据成功
2020-12-17 11:27:41,410 - readini.py:[20] - INFO -27- 从配置文件D:\webapp\webUI\config\config.ini中读取数据成功
2020-12-17 11:39:46,759 - readini.py:[20] - INFO -33- 从配置文件D:\webapp\webUI\config\config.ini中读取数据成功
2020-12-17 11:39:46,759 - readini.py:[20] - INFO -33- 从配置文件D:\webapp\webUI\config\config.ini中读取数据成功
2020-12-17 11:39:46,759 - readini.py:[20] - INFO -33- 从配置文件D:\webapp\webUI\config\config.ini中读取数据成功
2020-12-17 11:40:12,397 - readini.py:[20] - INFO -33- 从配置文件D:\webapp\webUI\config\config.ini中读取数据成功
2020-12-17 11:40:12,397 - readini.py:[20] - INFO -33- 从配置文件D:\webapp\webUI\config\config.ini中读取数据成功
2020-12-17 11:40:12,397 - readini.py:[20] - INFO -33- 从配置文件D:\webapp\webUI\config\config.ini中读取数据成功
2020-12-17 11:40:12,397 - readini.py:[20] - INFO -33- 从配置文件D:\webapp\webUI\config\config.ini中读取数据成功
2020-12-17 11:53:18,263 - readini.py:[20] - INFO -33- 从配置文件D:\webapp\webUI\config\config.ini中读取数据成功
2020-12-17 11:54:19,847 - readini.py:[20] - INFO -33- 从配置文件D:\webapp\webUI\config\config.ini中读取数据成功
2020-12-17 11:56:09,959 - readini.py:[20] - INFO -33- 从配置文件D:\webapp\webUI\config\config.ini中读取数据成功
2020-12-17 11:58:55,086 - readini.py:[20] - INFO -33- 从配置文件D:\webapp\webUI\config\config.ini中读取数据成功
2020-12-17 11:59:16,620 - readini.py:[20] - INFO -33- 从配置文件D:\webapp\webUI\config\config.ini中读取数据成功
2020-12-17 12:02:04,068 - readexcel.py:[20] - INFO -30- 打开EXCEL文件<xlrd.book.Book object at 0x000001959B64A408>成功
2020-12-17 12:03:56,490 - readexcel.py:[20] - INFO -30- 打开EXCEL文件<xlrd.book.Book object at 0x000002146DEFA448>成功
2020-12-17 12:03:56,490 - readexcel.py:[20] - INFO -45- 从EXCEL文件中获取值111.0成功
2020-12-17 12:04:06,425 - readexcel.py:[20] - INFO -30- 打开EXCEL文件<xlrd.book.Book object at 0x000001DEAE76A488>成功
2020-12-17 12:04:06,425 - readexcel.py:[20] - INFO -45- 从EXCEL文件中获取值001成功
2020-12-17 12:04:14,256 - readexcel.py:[20] - INFO -30- 打开EXCEL文件<xlrd.book.Book object at 0x000001375E26A408>成功
2020-12-17 12:04:14,256 - readexcel.py:[20] - INFO -45- 从EXCEL文件中获取值序号成功
2020-12-17 12:04:32,304 - readexcel.py:[20] - INFO -30- 打开EXCEL文件<xlrd.book.Book object at 0x000002C4158CA488>成功
2020-12-17 12:04:32,304 - readexcel.py:[20] - INFO -45- 从EXCEL文件中获取值"序号"成功
2020-12-17 12:14:12,844 - driver.py:[20] - INFO -18- 启动<selenium.webdriver.chrome.webdriver.WebDriver (session="c37b4f54aeef77b91185cdd7cc5d78cb")>驱动成功
2020-12-17 13:45:56,695 - readini.py:[20] - INFO -33- 从配置文件D:\webapp\webUI\config\config.ini中读取数据成功
2020-12-17 13:47:34,960 - readini.py:[20] - INFO -33- 从配置文件D:\webapp\webUI\config\config.ini中读取数据成功
2020-12-17 13:49:08,883 - readini.py:[20] - INFO -33- 从配置文件D:\webapp\webUI\config\config.ini中读取数据成功
